mode: set
github.com/fclairamb/log/gokit/gokit.go:14.47,15.16 1 1
github.com/fclairamb/log/gokit/gokit.go:15.16,17.3 1 0
github.com/fclairamb/log/gokit/gokit.go:20.90,23.2 2 1
github.com/fclairamb/log/gokit/gokit.go:26.69,28.2 1 1
github.com/fclairamb/log/gokit/gokit.go:31.68,33.2 1 1
github.com/fclairamb/log/gokit/gokit.go:36.68,38.2 1 1
github.com/fclairamb/log/gokit/gokit.go:41.69,43.2 1 1
github.com/fclairamb/log/gokit/gokit.go:46.65,48.2 1 1
github.com/fclairamb/log/gokit/gokit.go:51.50,55.2 1 1
github.com/fclairamb/log/gokit/gokit.go:58.37,60.2 1 1
github.com/fclairamb/log/noop/noop.go:8.33,10.2 1 1
github.com/fclairamb/log/noop/noop.go:14.52,15.2 0 1
github.com/fclairamb/log/noop/noop.go:17.51,18.2 0 1
github.com/fclairamb/log/noop/noop.go:20.51,21.2 0 1
github.com/fclairamb/log/noop/noop.go:23.52,24.2 0 1
github.com/fclairamb/log/noop/noop.go:26.53,28.2 1 1
